{
  "RSpec": {
    "coverage": {
      "/Users/robmccluskey/turing/module2/current-projects/job-tracker/spec/features/categories/user_can_delete_a_category_spec.rb": [
        1,
        null,
        1,
        1,
        1,
        1,
        null,
        1,
        1,
        1,
        null,
        null,
        1,
        1,
        1,
        null,
        null,
        null
      ],
      "/Users/robmccluskey/turing/module2/current-projects/job-tracker/spec/features/categories/user_can_see_all_categories_spec.rb": [
        1,
        null,
        1,
        1,
        1,
        1,
        null,
        1,
        null,
        1,
        1,
        null,
        null,
        1,
        1,
        null,
        1,
        1,
        1,
        null,
        null,
        1,
        null,
        null
      ],
      "/Users/robmccluskey/turing/module2/current-projects/job-tracker/spec/features/categories/user_can_update_a_category_spec.rb": [
        1,
        null,
        1,
        1,
        1,
        1,
        null,
        1,
        1,
        1,
        null,
        null,
        1,
        null,
        1,
        1,
        null,
        1,
        1,
        1,
        null,
        null
      ],
      "/Users/robmccluskey/turing/module2/current-projects/job-tracker/spec/features/categories/user_sees_a_category_spec.rb": [
        1,
        null,
        1,
        1,
        1,
        null,
        null,
        1,
        null,
        null,
        null,
        null,
        null
      ],
      "/Users/robmccluskey/turing/module2/current-projects/job-tracker/spec/features/comments/comments_features_spec.rb": [
        1,
        null,
        1,
        null,
        null,
        null,
        null,
        null,
        null,
        null,
        null,
        null,
        null,
        1,
        1,
        1,
        1,
        null,
        null,
        null,
        null,
        null,
        null,
        1,
        1,
        null,
        1,
        null,
        1,
        1,
        1,
        1,
        1,
        1,
        null,
        null,
        1,
        1,
        1,
        null,
        null,
        null,
        null,
        null,
        null,
        1,
        null,
        1,
        null,
        1,
        1,
        null,
        1,
        1,
        null,
        null,
        1,
        1,
        1,
        null,
        null,
        null,
        null,
        null,
        null,
        1,
        1,
        1,
        null,
        1,
        1,
        1,
        1,
        1,
        1,
        null,
        null,
        null
      ],
      "/Users/robmccluskey/turing/module2/current-projects/job-tracker/spec/features/companies/user_creates_new_company_spec.rb": [
        1,
        null,
        1,
        1,
        1,
        null,
        1,
        1,
        null,
        1,
        1,
        1,
        null,
        null
      ],
      "/Users/robmccluskey/turing/module2/current-projects/job-tracker/spec/features/companies/user_deletes_a_company_spec.rb": [
        1,
        null,
        1,
        1,
        1,
        1,
        null,
        1,
        1,
        null,
        null,
        1,
        null,
        null
      ],
      "/Users/robmccluskey/turing/module2/current-projects/job-tracker/spec/features/companies/user_edits_existing_company_spec.rb": [
        1,
        null,
        1,
        1,
        1,
        1,
        null,
        1,
        1,
        null,
        1,
        1,
        1,
        null,
        null
      ],
      "/Users/robmccluskey/turing/module2/current-projects/job-tracker/spec/features/companies/user_sees_all_companies_spec.rb": [
        1,
        null,
        1,
        1,
        1,
        1,
        null,
        1,
        null,
        1,
        null,
        null,
        null
      ],
      "/Users/robmccluskey/turing/module2/current-projects/job-tracker/spec/features/companies/user_sees_one_company_spec.rb": [
        1,
        null,
        1,
        1,
        1,
        1,
        null,
        1,
        null,
        1,
        1,
        1,
        null,
        null
      ],
      "/Users/robmccluskey/turing/module2/current-projects/job-tracker/spec/features/jobs/user_can_update_a_job_spec.rb": [
        1,
        null,
        1,
        1,
        null,
        null,
        null
      ],
      "/Users/robmccluskey/turing/module2/current-projects/job-tracker/spec/features/jobs/user_creates_new_job_spec.rb": [
        1,
        null,
        1,
        1,
        1,
        1,
        null,
        1,
        1,
        null,
        1,
        1,
        1,
        null,
        1,
        1,
        null,
        1,
        null,
        1,
        null,
        null,
        1,
        1,
        1,
        1,
        1,
        1,
        null,
        null
      ],
      "/Users/robmccluskey/turing/module2/current-projects/job-tracker/spec/features/jobs/user_sees_a_job_spec.rb": [
        1,
        null,
        1,
        1,
        1,
        1,
        null,
        1,
        null,
        1,
        1,
        1,
        null,
        null
      ],
      "/Users/robmccluskey/turing/module2/current-projects/job-tracker/spec/features/jobs/user_sees_all_jobs_spec.rb": [
        1,
        null,
        1,
        1,
        1,
        1,
        1,
        null,
        1,
        null,
        1,
        1,
        1,
        null,
        1,
        1,
        1,
        1,
        null,
        1,
        null,
        1,
        1,
        1,
        null,
        null,
        1,
        1,
        null,
        1,
        1,
        null,
        null,
        1,
        null,
        null
      ],
      "/Users/robmccluskey/turing/module2/current-projects/job-tracker/spec/models/catagory_spec.rb": [
        1,
        null,
        1,
        1,
        2,
        null,
        null,
        1,
        1,
        1,
        1,
        null,
        null,
        1,
        1,
        2,
        null,
        null,
        null,
        1,
        1,
        1,
        1,
        1,
        null,
        1,
        null,
        null,
        null
      ],
      "/Users/robmccluskey/turing/module2/current-projects/job-tracker/app/models/category.rb": [
        1,
        1,
        1,
        1,
        null,
        1,
        3,
        null,
        null
      ],
      "/Users/robmccluskey/turing/module2/current-projects/job-tracker/app/models/application_record.rb": [
        1,
        1,
        null
      ],
      "/Users/robmccluskey/turing/module2/current-projects/job-tracker/spec/models/company_spec.rb": [
        1,
        null,
        1,
        1,
        2,
        null,
        null,
        1,
        1,
        1,
        1,
        null,
        null,
        1,
        1,
        1,
        1,
        null,
        null,
        null
      ],
      "/Users/robmccluskey/turing/module2/current-projects/job-tracker/app/models/company.rb": [
        1,
        1,
        1,
        null
      ],
      "/Users/robmccluskey/turing/module2/current-projects/job-tracker/spec/models/job_spec.rb": [
        1,
        null,
        1,
        1,
        2,
        2,
        2,
        2,
        2,
        null,
        null,
        1,
        1,
        1,
        1,
        null,
        1,
        2,
        null,
        null,
        null
      ],
      "/Users/robmccluskey/turing/module2/current-projects/job-tracker/app/models/job.rb": [
        1,
        1,
        1,
        1,
        1,
        1,
        null
      ],
      "/Users/robmccluskey/turing/module2/current-projects/job-tracker/app/models/job_category.rb": [
        1,
        1,
        1,
        null
      ],
      "/Users/robmccluskey/turing/module2/current-projects/job-tracker/app/controllers/companies_controller.rb": [
        1,
        1,
        3,
        null,
        null,
        1,
        1,
        null,
        null,
        1,
        1,
        1,
        1,
        1,
        null,
        0,
        null,
        null,
        null,
        1,
        4,
        null,
        null,
        1,
        1,
        null,
        null,
        1,
        1,
        1,
        1,
        1,
        1,
        null,
        0,
        null,
        null,
        null,
        1,
        1,
        1,
        null,
        1,
        1,
        null,
        null,
        null,
        1,
        null,
        1,
        2,
        null,
        null
      ],
      "/Users/robmccluskey/turing/module2/current-projects/job-tracker/app/controllers/application_controller.rb": [
        1,
        null,
        null,
        1,
        null
      ],
      "/Users/robmccluskey/turing/module2/current-projects/job-tracker/app/controllers/jobs_controller.rb": [
        1,
        1,
        3,
        null,
        null,
        1,
        2,
        2,
        2,
        null,
        null,
        1,
        1,
        1,
        1,
        1,
        1,
        null,
        0,
        null,
        null,
        null,
        1,
        6,
        6,
        6,
        null,
        null,
        1,
        null,
        null,
        null,
        1,
        null,
        null,
        null,
        1,
        null,
        null,
        null,
        1,
        null,
        1,
        1,
        null,
        null
      ],
      "/Users/robmccluskey/turing/module2/current-projects/job-tracker/app/controllers/categories_controller.rb": [
        1,
        1,
        5,
        null,
        null,
        1,
        3,
        null,
        null,
        1,
        2,
        2,
        1,
        1,
        null,
        1,
        1,
        null,
        null,
        null,
        1,
        2,
        null,
        null,
        1,
        2,
        null,
        null,
        1,
        1,
        1,
        1,
        1,
        1,
        null,
        0,
        null,
        null,
        null,
        1,
        1,
        1,
        null,
        1,
        1,
        null,
        null,
        null,
        1,
        null,
        1,
        3,
        null,
        null
      ],
      "/Users/robmccluskey/turing/module2/current-projects/job-tracker/app/models/comment.rb": [
        1,
        1,
        1,
        null
      ],
      "/Users/robmccluskey/turing/module2/current-projects/job-tracker/app/controllers/comments_controller.rb": [
        1,
        1,
        1,
        1,
        1,
        1,
        null,
        null,
        1,
        1,
        1,
        null,
        null
      ]
    },
    "timestamp": 1531088648
  }
}
